{
  "nbformat": 4,
  "nbformat_minor": 0,
  "metadata": {
    "colab": {
      "provenance": [],
      "authorship_tag": "ABX9TyPP3MbdcK12r7WRExy64nNi",
      "include_colab_link": true
    },
    "kernelspec": {
      "name": "python3",
      "display_name": "Python 3"
    },
    "language_info": {
      "name": "python"
    }
  },
  "cells": [
    {
      "cell_type": "markdown",
      "metadata": {
        "id": "view-in-github",
        "colab_type": "text"
      },
      "source": [
        "<a href=\"https://colab.research.google.com/github/luckeydoo6/Dark-Matter/blob/main/Monday%209-25\" target=\"_parent\"><img src=\"https://colab.research.google.com/assets/colab-badge.svg\" alt=\"Open In Colab\"/></a>"
      ]
    },
    {
      "cell_type": "code",
      "execution_count": 66,
      "metadata": {
        "id": "OGG9lc_VjBQ_"
      },
      "outputs": [],
      "source": [
        "import numpy as np\n",
        "import astropy.units as u\n",
        "import astropy.constants as ac"
      ]
    },
    {
      "cell_type": "code",
      "source": [
        "M_bh = 1 * u.solMass\n",
        "R_bh = ((2*ac.G * u.solMass) / ac.c**2)\n",
        "print(R_bh.to(u.km))\n",
        "#r_bh = ((2 * ac.G * mass)/ac.c**2) This was my attempt I did not know how to define mass at first."
      ],
      "metadata": {
        "colab": {
          "base_uri": "https://localhost:8080/",
          "height": 373
        },
        "id": "HqhFs8MsjSan",
        "outputId": "ffa175d9-f401-4289-fd09-526464fa2967"
      },
      "execution_count": 76,
      "outputs": [
        {
          "output_type": "error",
          "ename": "UnitConversionError",
          "evalue": "ignored",
          "traceback": [
            "\u001b[0;31m---------------------------------------------------------------------------\u001b[0m",
            "\u001b[0;31mUnitConversionError\u001b[0m                       Traceback (most recent call last)",
            "\u001b[0;32m<ipython-input-76-cf4237325205>\u001b[0m in \u001b[0;36m<cell line: 3>\u001b[0;34m()\u001b[0m\n\u001b[1;32m      1\u001b[0m \u001b[0mM_bh\u001b[0m \u001b[0;34m=\u001b[0m \u001b[0;36m1\u001b[0m \u001b[0;34m*\u001b[0m \u001b[0mu\u001b[0m\u001b[0;34m.\u001b[0m\u001b[0msolMass\u001b[0m\u001b[0;34m\u001b[0m\u001b[0;34m\u001b[0m\u001b[0m\n\u001b[1;32m      2\u001b[0m \u001b[0mR_bh\u001b[0m \u001b[0;34m=\u001b[0m \u001b[0;34m(\u001b[0m\u001b[0;34m(\u001b[0m\u001b[0;36m2\u001b[0m\u001b[0;34m*\u001b[0m\u001b[0mac\u001b[0m\u001b[0;34m.\u001b[0m\u001b[0mG\u001b[0m \u001b[0;34m*\u001b[0m \u001b[0mu\u001b[0m\u001b[0;34m.\u001b[0m\u001b[0msolMass\u001b[0m\u001b[0;34m)\u001b[0m \u001b[0;34m/\u001b[0m \u001b[0mac\u001b[0m\u001b[0;34m.\u001b[0m\u001b[0mc\u001b[0m\u001b[0;34m**\u001b[0m\u001b[0;36m2\u001b[0m\u001b[0;34m)\u001b[0m\u001b[0;34m\u001b[0m\u001b[0;34m\u001b[0m\u001b[0m\n\u001b[0;32m----> 3\u001b[0;31m \u001b[0mprint\u001b[0m\u001b[0;34m(\u001b[0m\u001b[0mR_bh\u001b[0m\u001b[0;34m.\u001b[0m\u001b[0mto\u001b[0m\u001b[0;34m(\u001b[0m\u001b[0mu\u001b[0m\u001b[0;34m.\u001b[0m\u001b[0mkm\u001b[0m\u001b[0;34m)\u001b[0m\u001b[0;34m)\u001b[0m\u001b[0;34m\u001b[0m\u001b[0;34m\u001b[0m\u001b[0m\n\u001b[0m\u001b[1;32m      4\u001b[0m \u001b[0;31m#r_bh = ((2 * ac.G * mass)/ac.c**2) This was my attempt I did not know how to define mass at first.\u001b[0m\u001b[0;34m\u001b[0m\u001b[0;34m\u001b[0m\u001b[0m\n",
            "\u001b[0;32m/usr/local/lib/python3.10/dist-packages/astropy/units/quantity.py\u001b[0m in \u001b[0;36mto\u001b[0;34m(self, unit, equivalencies, copy)\u001b[0m\n\u001b[1;32m    936\u001b[0m             \u001b[0;31m# Avoid using to_value to ensure that we make a copy. We also\u001b[0m\u001b[0;34m\u001b[0m\u001b[0;34m\u001b[0m\u001b[0m\n\u001b[1;32m    937\u001b[0m             \u001b[0;31m# don't want to slow down this method (esp. the scalar case).\u001b[0m\u001b[0;34m\u001b[0m\u001b[0;34m\u001b[0m\u001b[0m\n\u001b[0;32m--> 938\u001b[0;31m             \u001b[0mvalue\u001b[0m \u001b[0;34m=\u001b[0m \u001b[0mself\u001b[0m\u001b[0;34m.\u001b[0m\u001b[0m_to_value\u001b[0m\u001b[0;34m(\u001b[0m\u001b[0munit\u001b[0m\u001b[0;34m,\u001b[0m \u001b[0mequivalencies\u001b[0m\u001b[0;34m)\u001b[0m\u001b[0;34m\u001b[0m\u001b[0;34m\u001b[0m\u001b[0m\n\u001b[0m\u001b[1;32m    939\u001b[0m         \u001b[0;32melse\u001b[0m\u001b[0;34m:\u001b[0m\u001b[0;34m\u001b[0m\u001b[0;34m\u001b[0m\u001b[0m\n\u001b[1;32m    940\u001b[0m             \u001b[0;31m# to_value only copies if necessary\u001b[0m\u001b[0;34m\u001b[0m\u001b[0;34m\u001b[0m\u001b[0m\n",
            "\u001b[0;32m/usr/local/lib/python3.10/dist-packages/astropy/units/quantity.py\u001b[0m in \u001b[0;36m_to_value\u001b[0;34m(self, unit, equivalencies)\u001b[0m\n\u001b[1;32m    889\u001b[0m         \u001b[0;32mif\u001b[0m \u001b[0;32mnot\u001b[0m \u001b[0mself\u001b[0m\u001b[0;34m.\u001b[0m\u001b[0mdtype\u001b[0m\u001b[0;34m.\u001b[0m\u001b[0mnames\u001b[0m \u001b[0;32mor\u001b[0m \u001b[0misinstance\u001b[0m\u001b[0;34m(\u001b[0m\u001b[0mself\u001b[0m\u001b[0;34m.\u001b[0m\u001b[0munit\u001b[0m\u001b[0;34m,\u001b[0m \u001b[0mStructuredUnit\u001b[0m\u001b[0;34m)\u001b[0m\u001b[0;34m:\u001b[0m\u001b[0;34m\u001b[0m\u001b[0;34m\u001b[0m\u001b[0m\n\u001b[1;32m    890\u001b[0m             \u001b[0;31m# Standard path, let unit to do work.\u001b[0m\u001b[0;34m\u001b[0m\u001b[0;34m\u001b[0m\u001b[0m\n\u001b[0;32m--> 891\u001b[0;31m             return self.unit.to(\n\u001b[0m\u001b[1;32m    892\u001b[0m                 \u001b[0munit\u001b[0m\u001b[0;34m,\u001b[0m \u001b[0mself\u001b[0m\u001b[0;34m.\u001b[0m\u001b[0mview\u001b[0m\u001b[0;34m(\u001b[0m\u001b[0mnp\u001b[0m\u001b[0;34m.\u001b[0m\u001b[0mndarray\u001b[0m\u001b[0;34m)\u001b[0m\u001b[0;34m,\u001b[0m \u001b[0mequivalencies\u001b[0m\u001b[0;34m=\u001b[0m\u001b[0mequivalencies\u001b[0m\u001b[0;34m\u001b[0m\u001b[0;34m\u001b[0m\u001b[0m\n\u001b[1;32m    893\u001b[0m             )\n",
            "\u001b[0;32m/usr/local/lib/python3.10/dist-packages/astropy/units/core.py\u001b[0m in \u001b[0;36mto\u001b[0;34m(self, other, value, equivalencies)\u001b[0m\n\u001b[1;32m   1193\u001b[0m             \u001b[0;32mreturn\u001b[0m \u001b[0mUNITY\u001b[0m\u001b[0;34m\u001b[0m\u001b[0;34m\u001b[0m\u001b[0m\n\u001b[1;32m   1194\u001b[0m         \u001b[0;32melse\u001b[0m\u001b[0;34m:\u001b[0m\u001b[0;34m\u001b[0m\u001b[0;34m\u001b[0m\u001b[0m\n\u001b[0;32m-> 1195\u001b[0;31m             \u001b[0;32mreturn\u001b[0m \u001b[0mself\u001b[0m\u001b[0;34m.\u001b[0m\u001b[0m_get_converter\u001b[0m\u001b[0;34m(\u001b[0m\u001b[0mUnit\u001b[0m\u001b[0;34m(\u001b[0m\u001b[0mother\u001b[0m\u001b[0;34m)\u001b[0m\u001b[0;34m,\u001b[0m \u001b[0mequivalencies\u001b[0m\u001b[0;34m)\u001b[0m\u001b[0;34m(\u001b[0m\u001b[0mvalue\u001b[0m\u001b[0;34m)\u001b[0m\u001b[0;34m\u001b[0m\u001b[0;34m\u001b[0m\u001b[0m\n\u001b[0m\u001b[1;32m   1196\u001b[0m \u001b[0;34m\u001b[0m\u001b[0m\n\u001b[1;32m   1197\u001b[0m     \u001b[0;32mdef\u001b[0m \u001b[0min_units\u001b[0m\u001b[0;34m(\u001b[0m\u001b[0mself\u001b[0m\u001b[0;34m,\u001b[0m \u001b[0mother\u001b[0m\u001b[0;34m,\u001b[0m \u001b[0mvalue\u001b[0m\u001b[0;34m=\u001b[0m\u001b[0;36m1.0\u001b[0m\u001b[0;34m,\u001b[0m \u001b[0mequivalencies\u001b[0m\u001b[0;34m=\u001b[0m\u001b[0;34m[\u001b[0m\u001b[0;34m]\u001b[0m\u001b[0;34m)\u001b[0m\u001b[0;34m:\u001b[0m\u001b[0;34m\u001b[0m\u001b[0;34m\u001b[0m\u001b[0m\n",
            "\u001b[0;32m/usr/local/lib/python3.10/dist-packages/astropy/units/core.py\u001b[0m in \u001b[0;36m_get_converter\u001b[0;34m(self, other, equivalencies)\u001b[0m\n\u001b[1;32m   1122\u001b[0m                             \u001b[0;32mreturn\u001b[0m \u001b[0;32mlambda\u001b[0m \u001b[0mv\u001b[0m\u001b[0;34m:\u001b[0m \u001b[0mb\u001b[0m\u001b[0;34m(\u001b[0m\u001b[0mconverter\u001b[0m\u001b[0;34m(\u001b[0m\u001b[0mv\u001b[0m\u001b[0;34m)\u001b[0m\u001b[0;34m)\u001b[0m\u001b[0;34m\u001b[0m\u001b[0;34m\u001b[0m\u001b[0m\n\u001b[1;32m   1123\u001b[0m \u001b[0;34m\u001b[0m\u001b[0m\n\u001b[0;32m-> 1124\u001b[0;31m             \u001b[0;32mraise\u001b[0m \u001b[0mexc\u001b[0m\u001b[0;34m\u001b[0m\u001b[0;34m\u001b[0m\u001b[0m\n\u001b[0m\u001b[1;32m   1125\u001b[0m \u001b[0;34m\u001b[0m\u001b[0m\n\u001b[1;32m   1126\u001b[0m     \u001b[0;32mdef\u001b[0m \u001b[0m_to\u001b[0m\u001b[0;34m(\u001b[0m\u001b[0mself\u001b[0m\u001b[0;34m,\u001b[0m \u001b[0mother\u001b[0m\u001b[0;34m)\u001b[0m\u001b[0;34m:\u001b[0m\u001b[0;34m\u001b[0m\u001b[0;34m\u001b[0m\u001b[0m\n",
            "\u001b[0;32m/usr/local/lib/python3.10/dist-packages/astropy/units/core.py\u001b[0m in \u001b[0;36m_get_converter\u001b[0;34m(self, other, equivalencies)\u001b[0m\n\u001b[1;32m   1105\u001b[0m         \u001b[0;31m# if that doesn't work, maybe we can do it with equivalencies?\u001b[0m\u001b[0;34m\u001b[0m\u001b[0;34m\u001b[0m\u001b[0m\n\u001b[1;32m   1106\u001b[0m         \u001b[0;32mtry\u001b[0m\u001b[0;34m:\u001b[0m\u001b[0;34m\u001b[0m\u001b[0;34m\u001b[0m\u001b[0m\n\u001b[0;32m-> 1107\u001b[0;31m             return self._apply_equivalencies(\n\u001b[0m\u001b[1;32m   1108\u001b[0m                 \u001b[0mself\u001b[0m\u001b[0;34m,\u001b[0m \u001b[0mother\u001b[0m\u001b[0;34m,\u001b[0m \u001b[0mself\u001b[0m\u001b[0;34m.\u001b[0m\u001b[0m_normalize_equivalencies\u001b[0m\u001b[0;34m(\u001b[0m\u001b[0mequivalencies\u001b[0m\u001b[0;34m)\u001b[0m\u001b[0;34m\u001b[0m\u001b[0;34m\u001b[0m\u001b[0m\n\u001b[1;32m   1109\u001b[0m             )\n",
            "\u001b[0;32m/usr/local/lib/python3.10/dist-packages/astropy/units/core.py\u001b[0m in \u001b[0;36m_apply_equivalencies\u001b[0;34m(self, unit, other, equivalencies)\u001b[0m\n\u001b[1;32m   1083\u001b[0m         \u001b[0mother_str\u001b[0m \u001b[0;34m=\u001b[0m \u001b[0mget_err_str\u001b[0m\u001b[0;34m(\u001b[0m\u001b[0mother\u001b[0m\u001b[0;34m)\u001b[0m\u001b[0;34m\u001b[0m\u001b[0;34m\u001b[0m\u001b[0m\n\u001b[1;32m   1084\u001b[0m \u001b[0;34m\u001b[0m\u001b[0m\n\u001b[0;32m-> 1085\u001b[0;31m         \u001b[0;32mraise\u001b[0m \u001b[0mUnitConversionError\u001b[0m\u001b[0;34m(\u001b[0m\u001b[0;34mf\"{unit_str} and {other_str} are not convertible\"\u001b[0m\u001b[0;34m)\u001b[0m\u001b[0;34m\u001b[0m\u001b[0;34m\u001b[0m\u001b[0m\n\u001b[0m\u001b[1;32m   1086\u001b[0m \u001b[0;34m\u001b[0m\u001b[0m\n\u001b[1;32m   1087\u001b[0m     \u001b[0;32mdef\u001b[0m \u001b[0m_get_converter\u001b[0m\u001b[0;34m(\u001b[0m\u001b[0mself\u001b[0m\u001b[0;34m,\u001b[0m \u001b[0mother\u001b[0m\u001b[0;34m,\u001b[0m \u001b[0mequivalencies\u001b[0m\u001b[0;34m=\u001b[0m\u001b[0;34m[\u001b[0m\u001b[0;34m]\u001b[0m\u001b[0;34m)\u001b[0m\u001b[0;34m:\u001b[0m\u001b[0;34m\u001b[0m\u001b[0;34m\u001b[0m\u001b[0m\n",
            "\u001b[0;31mUnitConversionError\u001b[0m: 'm6 / (kg s5)' and 'km' (length) are not convertible"
          ]
        }
      ]
    },
    {
      "cell_type": "code",
      "source": [
        "delta_t = 0.01 * u.second\n",
        "M_bh_total = (delta_t * ac.c**3) / (16 * np.pi * ac.G)\n",
        "print(M_bh_total.to(u.solMass))"
      ],
      "metadata": {
        "colab": {
          "base_uri": "https://localhost:8080/",
          "height": 356
        },
        "id": "W8Uwtce7mN4Z",
        "outputId": "598bfc02-dbf0-4eff-8cc2-711b5562c5ba"
      },
      "execution_count": 73,
      "outputs": [
        {
          "output_type": "error",
          "ename": "UnitConversionError",
          "evalue": "ignored",
          "traceback": [
            "\u001b[0;31m---------------------------------------------------------------------------\u001b[0m",
            "\u001b[0;31mUnitConversionError\u001b[0m                       Traceback (most recent call last)",
            "\u001b[0;32m<ipython-input-73-1bca6e6b9b71>\u001b[0m in \u001b[0;36m<cell line: 3>\u001b[0;34m()\u001b[0m\n\u001b[1;32m      1\u001b[0m \u001b[0mdelta_t\u001b[0m \u001b[0;34m=\u001b[0m \u001b[0;36m0.01\u001b[0m \u001b[0;34m*\u001b[0m \u001b[0mu\u001b[0m\u001b[0;34m.\u001b[0m\u001b[0msecond\u001b[0m\u001b[0;34m\u001b[0m\u001b[0;34m\u001b[0m\u001b[0m\n\u001b[1;32m      2\u001b[0m \u001b[0mM_bh_total\u001b[0m \u001b[0;34m=\u001b[0m \u001b[0;34m(\u001b[0m\u001b[0mdelta_t\u001b[0m \u001b[0;34m*\u001b[0m \u001b[0mac\u001b[0m\u001b[0;34m.\u001b[0m\u001b[0mc\u001b[0m\u001b[0;34m**\u001b[0m\u001b[0;36m3\u001b[0m\u001b[0;34m)\u001b[0m \u001b[0;34m/\u001b[0m \u001b[0;34m(\u001b[0m\u001b[0;36m16\u001b[0m \u001b[0;34m*\u001b[0m \u001b[0mnp\u001b[0m\u001b[0;34m.\u001b[0m\u001b[0mpi\u001b[0m \u001b[0;34m*\u001b[0m \u001b[0mac\u001b[0m\u001b[0;34m.\u001b[0m\u001b[0mG\u001b[0m\u001b[0;34m)\u001b[0m\u001b[0;34m\u001b[0m\u001b[0;34m\u001b[0m\u001b[0m\n\u001b[0;32m----> 3\u001b[0;31m \u001b[0mprint\u001b[0m\u001b[0;34m(\u001b[0m\u001b[0mM_bh_total\u001b[0m\u001b[0;34m.\u001b[0m\u001b[0mto\u001b[0m\u001b[0;34m(\u001b[0m\u001b[0mu\u001b[0m\u001b[0;34m.\u001b[0m\u001b[0msolMass\u001b[0m\u001b[0;34m)\u001b[0m\u001b[0;34m)\u001b[0m\u001b[0;34m\u001b[0m\u001b[0;34m\u001b[0m\u001b[0m\n\u001b[0m",
            "\u001b[0;32m/usr/local/lib/python3.10/dist-packages/astropy/units/quantity.py\u001b[0m in \u001b[0;36mto\u001b[0;34m(self, unit, equivalencies, copy)\u001b[0m\n\u001b[1;32m    936\u001b[0m             \u001b[0;31m# Avoid using to_value to ensure that we make a copy. We also\u001b[0m\u001b[0;34m\u001b[0m\u001b[0;34m\u001b[0m\u001b[0m\n\u001b[1;32m    937\u001b[0m             \u001b[0;31m# don't want to slow down this method (esp. the scalar case).\u001b[0m\u001b[0;34m\u001b[0m\u001b[0;34m\u001b[0m\u001b[0m\n\u001b[0;32m--> 938\u001b[0;31m             \u001b[0mvalue\u001b[0m \u001b[0;34m=\u001b[0m \u001b[0mself\u001b[0m\u001b[0;34m.\u001b[0m\u001b[0m_to_value\u001b[0m\u001b[0;34m(\u001b[0m\u001b[0munit\u001b[0m\u001b[0;34m,\u001b[0m \u001b[0mequivalencies\u001b[0m\u001b[0;34m)\u001b[0m\u001b[0;34m\u001b[0m\u001b[0;34m\u001b[0m\u001b[0m\n\u001b[0m\u001b[1;32m    939\u001b[0m         \u001b[0;32melse\u001b[0m\u001b[0;34m:\u001b[0m\u001b[0;34m\u001b[0m\u001b[0;34m\u001b[0m\u001b[0m\n\u001b[1;32m    940\u001b[0m             \u001b[0;31m# to_value only copies if necessary\u001b[0m\u001b[0;34m\u001b[0m\u001b[0;34m\u001b[0m\u001b[0m\n",
            "\u001b[0;32m/usr/local/lib/python3.10/dist-packages/astropy/units/quantity.py\u001b[0m in \u001b[0;36m_to_value\u001b[0;34m(self, unit, equivalencies)\u001b[0m\n\u001b[1;32m    889\u001b[0m         \u001b[0;32mif\u001b[0m \u001b[0;32mnot\u001b[0m \u001b[0mself\u001b[0m\u001b[0;34m.\u001b[0m\u001b[0mdtype\u001b[0m\u001b[0;34m.\u001b[0m\u001b[0mnames\u001b[0m \u001b[0;32mor\u001b[0m \u001b[0misinstance\u001b[0m\u001b[0;34m(\u001b[0m\u001b[0mself\u001b[0m\u001b[0;34m.\u001b[0m\u001b[0munit\u001b[0m\u001b[0;34m,\u001b[0m \u001b[0mStructuredUnit\u001b[0m\u001b[0;34m)\u001b[0m\u001b[0;34m:\u001b[0m\u001b[0;34m\u001b[0m\u001b[0;34m\u001b[0m\u001b[0m\n\u001b[1;32m    890\u001b[0m             \u001b[0;31m# Standard path, let unit to do work.\u001b[0m\u001b[0;34m\u001b[0m\u001b[0;34m\u001b[0m\u001b[0m\n\u001b[0;32m--> 891\u001b[0;31m             return self.unit.to(\n\u001b[0m\u001b[1;32m    892\u001b[0m                 \u001b[0munit\u001b[0m\u001b[0;34m,\u001b[0m \u001b[0mself\u001b[0m\u001b[0;34m.\u001b[0m\u001b[0mview\u001b[0m\u001b[0;34m(\u001b[0m\u001b[0mnp\u001b[0m\u001b[0;34m.\u001b[0m\u001b[0mndarray\u001b[0m\u001b[0;34m)\u001b[0m\u001b[0;34m,\u001b[0m \u001b[0mequivalencies\u001b[0m\u001b[0;34m=\u001b[0m\u001b[0mequivalencies\u001b[0m\u001b[0;34m\u001b[0m\u001b[0;34m\u001b[0m\u001b[0m\n\u001b[1;32m    893\u001b[0m             )\n",
            "\u001b[0;32m/usr/local/lib/python3.10/dist-packages/astropy/units/core.py\u001b[0m in \u001b[0;36mto\u001b[0;34m(self, other, value, equivalencies)\u001b[0m\n\u001b[1;32m   1193\u001b[0m             \u001b[0;32mreturn\u001b[0m \u001b[0mUNITY\u001b[0m\u001b[0;34m\u001b[0m\u001b[0;34m\u001b[0m\u001b[0m\n\u001b[1;32m   1194\u001b[0m         \u001b[0;32melse\u001b[0m\u001b[0;34m:\u001b[0m\u001b[0;34m\u001b[0m\u001b[0;34m\u001b[0m\u001b[0m\n\u001b[0;32m-> 1195\u001b[0;31m             \u001b[0;32mreturn\u001b[0m \u001b[0mself\u001b[0m\u001b[0;34m.\u001b[0m\u001b[0m_get_converter\u001b[0m\u001b[0;34m(\u001b[0m\u001b[0mUnit\u001b[0m\u001b[0;34m(\u001b[0m\u001b[0mother\u001b[0m\u001b[0;34m)\u001b[0m\u001b[0;34m,\u001b[0m \u001b[0mequivalencies\u001b[0m\u001b[0;34m)\u001b[0m\u001b[0;34m(\u001b[0m\u001b[0mvalue\u001b[0m\u001b[0;34m)\u001b[0m\u001b[0;34m\u001b[0m\u001b[0;34m\u001b[0m\u001b[0m\n\u001b[0m\u001b[1;32m   1196\u001b[0m \u001b[0;34m\u001b[0m\u001b[0m\n\u001b[1;32m   1197\u001b[0m     \u001b[0;32mdef\u001b[0m \u001b[0min_units\u001b[0m\u001b[0;34m(\u001b[0m\u001b[0mself\u001b[0m\u001b[0;34m,\u001b[0m \u001b[0mother\u001b[0m\u001b[0;34m,\u001b[0m \u001b[0mvalue\u001b[0m\u001b[0;34m=\u001b[0m\u001b[0;36m1.0\u001b[0m\u001b[0;34m,\u001b[0m \u001b[0mequivalencies\u001b[0m\u001b[0;34m=\u001b[0m\u001b[0;34m[\u001b[0m\u001b[0;34m]\u001b[0m\u001b[0;34m)\u001b[0m\u001b[0;34m:\u001b[0m\u001b[0;34m\u001b[0m\u001b[0;34m\u001b[0m\u001b[0m\n",
            "\u001b[0;32m/usr/local/lib/python3.10/dist-packages/astropy/units/core.py\u001b[0m in \u001b[0;36m_get_converter\u001b[0;34m(self, other, equivalencies)\u001b[0m\n\u001b[1;32m   1122\u001b[0m                             \u001b[0;32mreturn\u001b[0m \u001b[0;32mlambda\u001b[0m \u001b[0mv\u001b[0m\u001b[0;34m:\u001b[0m \u001b[0mb\u001b[0m\u001b[0;34m(\u001b[0m\u001b[0mconverter\u001b[0m\u001b[0;34m(\u001b[0m\u001b[0mv\u001b[0m\u001b[0;34m)\u001b[0m\u001b[0;34m)\u001b[0m\u001b[0;34m\u001b[0m\u001b[0;34m\u001b[0m\u001b[0m\n\u001b[1;32m   1123\u001b[0m \u001b[0;34m\u001b[0m\u001b[0m\n\u001b[0;32m-> 1124\u001b[0;31m             \u001b[0;32mraise\u001b[0m \u001b[0mexc\u001b[0m\u001b[0;34m\u001b[0m\u001b[0;34m\u001b[0m\u001b[0m\n\u001b[0m\u001b[1;32m   1125\u001b[0m \u001b[0;34m\u001b[0m\u001b[0m\n\u001b[1;32m   1126\u001b[0m     \u001b[0;32mdef\u001b[0m \u001b[0m_to\u001b[0m\u001b[0;34m(\u001b[0m\u001b[0mself\u001b[0m\u001b[0;34m,\u001b[0m \u001b[0mother\u001b[0m\u001b[0;34m)\u001b[0m\u001b[0;34m:\u001b[0m\u001b[0;34m\u001b[0m\u001b[0;34m\u001b[0m\u001b[0m\n",
            "\u001b[0;32m/usr/local/lib/python3.10/dist-packages/astropy/units/core.py\u001b[0m in \u001b[0;36m_get_converter\u001b[0;34m(self, other, equivalencies)\u001b[0m\n\u001b[1;32m   1105\u001b[0m         \u001b[0;31m# if that doesn't work, maybe we can do it with equivalencies?\u001b[0m\u001b[0;34m\u001b[0m\u001b[0;34m\u001b[0m\u001b[0m\n\u001b[1;32m   1106\u001b[0m         \u001b[0;32mtry\u001b[0m\u001b[0;34m:\u001b[0m\u001b[0;34m\u001b[0m\u001b[0;34m\u001b[0m\u001b[0m\n\u001b[0;32m-> 1107\u001b[0;31m             return self._apply_equivalencies(\n\u001b[0m\u001b[1;32m   1108\u001b[0m                 \u001b[0mself\u001b[0m\u001b[0;34m,\u001b[0m \u001b[0mother\u001b[0m\u001b[0;34m,\u001b[0m \u001b[0mself\u001b[0m\u001b[0;34m.\u001b[0m\u001b[0m_normalize_equivalencies\u001b[0m\u001b[0;34m(\u001b[0m\u001b[0mequivalencies\u001b[0m\u001b[0;34m)\u001b[0m\u001b[0;34m\u001b[0m\u001b[0;34m\u001b[0m\u001b[0m\n\u001b[1;32m   1109\u001b[0m             )\n",
            "\u001b[0;32m/usr/local/lib/python3.10/dist-packages/astropy/units/core.py\u001b[0m in \u001b[0;36m_apply_equivalencies\u001b[0;34m(self, unit, other, equivalencies)\u001b[0m\n\u001b[1;32m   1083\u001b[0m         \u001b[0mother_str\u001b[0m \u001b[0;34m=\u001b[0m \u001b[0mget_err_str\u001b[0m\u001b[0;34m(\u001b[0m\u001b[0mother\u001b[0m\u001b[0;34m)\u001b[0m\u001b[0;34m\u001b[0m\u001b[0;34m\u001b[0m\u001b[0m\n\u001b[1;32m   1084\u001b[0m \u001b[0;34m\u001b[0m\u001b[0m\n\u001b[0;32m-> 1085\u001b[0;31m         \u001b[0;32mraise\u001b[0m \u001b[0mUnitConversionError\u001b[0m\u001b[0;34m(\u001b[0m\u001b[0;34mf\"{unit_str} and {other_str} are not convertible\"\u001b[0m\u001b[0;34m)\u001b[0m\u001b[0;34m\u001b[0m\u001b[0;34m\u001b[0m\u001b[0m\n\u001b[0m\u001b[1;32m   1086\u001b[0m \u001b[0;34m\u001b[0m\u001b[0m\n\u001b[1;32m   1087\u001b[0m     \u001b[0;32mdef\u001b[0m \u001b[0m_get_converter\u001b[0m\u001b[0;34m(\u001b[0m\u001b[0mself\u001b[0m\u001b[0;34m,\u001b[0m \u001b[0mother\u001b[0m\u001b[0;34m,\u001b[0m \u001b[0mequivalencies\u001b[0m\u001b[0;34m=\u001b[0m\u001b[0;34m[\u001b[0m\u001b[0;34m]\u001b[0m\u001b[0;34m)\u001b[0m\u001b[0;34m:\u001b[0m\u001b[0;34m\u001b[0m\u001b[0;34m\u001b[0m\u001b[0m\n",
            "\u001b[0;31mUnitConversionError\u001b[0m: 'm6 / (kg s5)' and 'solMass' (mass) are not convertible"
          ]
        }
      ]
    },
    {
      "cell_type": "code",
      "source": [
        "h = 1e-21\n",
        "delta_Earth = 1 * u.earthRad * h\n",
        "print(\"deformation of Earth is\", delta_Earth.to(u.m))"
      ],
      "metadata": {
        "colab": {
          "base_uri": "https://localhost:8080/",
          "height": 651
        },
        "id": "wLVVdbWWoDcz",
        "outputId": "66706a8b-c446-42a0-ae76-eb7e05aaea8d"
      },
      "execution_count": 74,
      "outputs": [
        {
          "output_type": "error",
          "ename": "ValueError",
          "evalue": "ignored",
          "traceback": [
            "\u001b[0;31m---------------------------------------------------------------------------\u001b[0m",
            "\u001b[0;31mValueError\u001b[0m                                Traceback (most recent call last)",
            "\u001b[0;32m/usr/local/lib/python3.10/dist-packages/astropy/units/format/generic.py\u001b[0m in \u001b[0;36m_do_parse\u001b[0;34m(cls, s, debug)\u001b[0m\n\u001b[1;32m    586\u001b[0m             \u001b[0;31m# is just a single unit name\u001b[0m\u001b[0;34m\u001b[0m\u001b[0;34m\u001b[0m\u001b[0m\n\u001b[0;32m--> 587\u001b[0;31m             \u001b[0;32mreturn\u001b[0m \u001b[0mcls\u001b[0m\u001b[0;34m.\u001b[0m\u001b[0m_parse_unit\u001b[0m\u001b[0;34m(\u001b[0m\u001b[0ms\u001b[0m\u001b[0;34m,\u001b[0m \u001b[0mdetailed_exception\u001b[0m\u001b[0;34m=\u001b[0m\u001b[0;32mFalse\u001b[0m\u001b[0;34m)\u001b[0m\u001b[0;34m\u001b[0m\u001b[0;34m\u001b[0m\u001b[0m\n\u001b[0m\u001b[1;32m    588\u001b[0m         \u001b[0;32mexcept\u001b[0m \u001b[0mValueError\u001b[0m \u001b[0;32mas\u001b[0m \u001b[0me\u001b[0m\u001b[0;34m:\u001b[0m\u001b[0;34m\u001b[0m\u001b[0;34m\u001b[0m\u001b[0m\n",
            "\u001b[0;32m/usr/local/lib/python3.10/dist-packages/astropy/units/format/generic.py\u001b[0m in \u001b[0;36m_parse_unit\u001b[0;34m(cls, s, detailed_exception)\u001b[0m\n\u001b[1;32m    482\u001b[0m         \u001b[0;32melse\u001b[0m\u001b[0;34m:\u001b[0m\u001b[0;34m\u001b[0m\u001b[0;34m\u001b[0m\u001b[0m\n\u001b[0;32m--> 483\u001b[0;31m             \u001b[0;32mraise\u001b[0m \u001b[0mValueError\u001b[0m\u001b[0;34m(\u001b[0m\u001b[0;34m)\u001b[0m\u001b[0;34m\u001b[0m\u001b[0;34m\u001b[0m\u001b[0m\n\u001b[0m\u001b[1;32m    484\u001b[0m \u001b[0;34m\u001b[0m\u001b[0m\n",
            "\u001b[0;31mValueError\u001b[0m: ",
            "\nDuring handling of the above exception, another exception occurred:\n",
            "\u001b[0;31mValueError\u001b[0m                                Traceback (most recent call last)",
            "\u001b[0;32m/usr/local/lib/python3.10/dist-packages/astropy/units/format/generic.py\u001b[0m in \u001b[0;36m_get_unit\u001b[0;34m(cls, t)\u001b[0m\n\u001b[1;32m    452\u001b[0m         \u001b[0;32mtry\u001b[0m\u001b[0;34m:\u001b[0m\u001b[0;34m\u001b[0m\u001b[0;34m\u001b[0m\u001b[0m\n\u001b[0;32m--> 453\u001b[0;31m             \u001b[0;32mreturn\u001b[0m \u001b[0mcls\u001b[0m\u001b[0;34m.\u001b[0m\u001b[0m_parse_unit\u001b[0m\u001b[0;34m(\u001b[0m\u001b[0mt\u001b[0m\u001b[0;34m.\u001b[0m\u001b[0mvalue\u001b[0m\u001b[0;34m)\u001b[0m\u001b[0;34m\u001b[0m\u001b[0;34m\u001b[0m\u001b[0m\n\u001b[0m\u001b[1;32m    454\u001b[0m         \u001b[0;32mexcept\u001b[0m \u001b[0mValueError\u001b[0m \u001b[0;32mas\u001b[0m \u001b[0me\u001b[0m\u001b[0;34m:\u001b[0m\u001b[0;34m\u001b[0m\u001b[0;34m\u001b[0m\u001b[0m\n",
            "\u001b[0;32m/usr/local/lib/python3.10/dist-packages/astropy/units/format/generic.py\u001b[0m in \u001b[0;36m_parse_unit\u001b[0;34m(cls, s, detailed_exception)\u001b[0m\n\u001b[1;32m    480\u001b[0m         \u001b[0;32mif\u001b[0m \u001b[0mdetailed_exception\u001b[0m\u001b[0;34m:\u001b[0m\u001b[0;34m\u001b[0m\u001b[0;34m\u001b[0m\u001b[0m\n\u001b[0;32m--> 481\u001b[0;31m             \u001b[0;32mraise\u001b[0m \u001b[0mValueError\u001b[0m\u001b[0;34m(\u001b[0m\u001b[0;34mf\"{s} is not a valid unit. {did_you_mean(s, registry)}\"\u001b[0m\u001b[0;34m)\u001b[0m\u001b[0;34m\u001b[0m\u001b[0;34m\u001b[0m\u001b[0m\n\u001b[0m\u001b[1;32m    482\u001b[0m         \u001b[0;32melse\u001b[0m\u001b[0;34m:\u001b[0m\u001b[0;34m\u001b[0m\u001b[0;34m\u001b[0m\u001b[0m\n",
            "\u001b[0;31mValueError\u001b[0m: deformation is not a valid unit. ",
            "\nDuring handling of the above exception, another exception occurred:\n",
            "\u001b[0;31mValueError\u001b[0m                                Traceback (most recent call last)",
            "\u001b[0;32m/usr/local/lib/python3.10/dist-packages/astropy/units/core.py\u001b[0m in \u001b[0;36m__call__\u001b[0;34m(self, s, represents, format, namespace, doc, parse_strict)\u001b[0m\n\u001b[1;32m   2097\u001b[0m             \u001b[0;32mtry\u001b[0m\u001b[0;34m:\u001b[0m\u001b[0;34m\u001b[0m\u001b[0;34m\u001b[0m\u001b[0m\n\u001b[0;32m-> 2098\u001b[0;31m                 \u001b[0;32mreturn\u001b[0m \u001b[0mf\u001b[0m\u001b[0;34m.\u001b[0m\u001b[0mparse\u001b[0m\u001b[0;34m(\u001b[0m\u001b[0ms\u001b[0m\u001b[0;34m)\u001b[0m\u001b[0;34m\u001b[0m\u001b[0;34m\u001b[0m\u001b[0m\n\u001b[0m\u001b[1;32m   2099\u001b[0m             \u001b[0;32mexcept\u001b[0m \u001b[0mNotImplementedError\u001b[0m\u001b[0;34m:\u001b[0m\u001b[0;34m\u001b[0m\u001b[0;34m\u001b[0m\u001b[0m\n",
            "\u001b[0;32m/usr/local/lib/python3.10/dist-packages/astropy/units/format/generic.py\u001b[0m in \u001b[0;36mparse\u001b[0;34m(cls, s, debug)\u001b[0m\n\u001b[1;32m    570\u001b[0m \u001b[0;34m\u001b[0m\u001b[0m\n\u001b[0;32m--> 571\u001b[0;31m         \u001b[0mresult\u001b[0m \u001b[0;34m=\u001b[0m \u001b[0mcls\u001b[0m\u001b[0;34m.\u001b[0m\u001b[0m_do_parse\u001b[0m\u001b[0;34m(\u001b[0m\u001b[0ms\u001b[0m\u001b[0;34m,\u001b[0m \u001b[0mdebug\u001b[0m\u001b[0;34m=\u001b[0m\u001b[0mdebug\u001b[0m\u001b[0;34m)\u001b[0m\u001b[0;34m\u001b[0m\u001b[0;34m\u001b[0m\u001b[0m\n\u001b[0m\u001b[1;32m    572\u001b[0m         \u001b[0;31m# Check for excess solidi, but exclude fractional exponents (accepted)\u001b[0m\u001b[0;34m\u001b[0m\u001b[0;34m\u001b[0m\u001b[0m\n",
            "\u001b[0;32m/usr/local/lib/python3.10/dist-packages/astropy/units/format/generic.py\u001b[0m in \u001b[0;36m_do_parse\u001b[0;34m(cls, s, debug)\u001b[0m\n\u001b[1;32m    589\u001b[0m             \u001b[0;32mtry\u001b[0m\u001b[0;34m:\u001b[0m\u001b[0;34m\u001b[0m\u001b[0;34m\u001b[0m\u001b[0m\n\u001b[0;32m--> 590\u001b[0;31m                 \u001b[0;32mreturn\u001b[0m \u001b[0mcls\u001b[0m\u001b[0;34m.\u001b[0m\u001b[0m_parser\u001b[0m\u001b[0;34m.\u001b[0m\u001b[0mparse\u001b[0m\u001b[0;34m(\u001b[0m\u001b[0ms\u001b[0m\u001b[0;34m,\u001b[0m \u001b[0mlexer\u001b[0m\u001b[0;34m=\u001b[0m\u001b[0mcls\u001b[0m\u001b[0;34m.\u001b[0m\u001b[0m_lexer\u001b[0m\u001b[0;34m,\u001b[0m \u001b[0mdebug\u001b[0m\u001b[0;34m=\u001b[0m\u001b[0mdebug\u001b[0m\u001b[0;34m)\u001b[0m\u001b[0;34m\u001b[0m\u001b[0;34m\u001b[0m\u001b[0m\n\u001b[0m\u001b[1;32m    591\u001b[0m             \u001b[0;32mexcept\u001b[0m \u001b[0mValueError\u001b[0m \u001b[0;32mas\u001b[0m \u001b[0me\u001b[0m\u001b[0;34m:\u001b[0m\u001b[0;34m\u001b[0m\u001b[0;34m\u001b[0m\u001b[0m\n",
            "\u001b[0;32m/usr/local/lib/python3.10/dist-packages/astropy/utils/parsing.py\u001b[0m in \u001b[0;36mparse\u001b[0;34m(self, *args, **kwargs)\u001b[0m\n\u001b[1;32m    115\u001b[0m         \u001b[0;32mwith\u001b[0m \u001b[0mself\u001b[0m\u001b[0;34m.\u001b[0m\u001b[0m_lock\u001b[0m\u001b[0;34m:\u001b[0m\u001b[0;34m\u001b[0m\u001b[0;34m\u001b[0m\u001b[0m\n\u001b[0;32m--> 116\u001b[0;31m             \u001b[0;32mreturn\u001b[0m \u001b[0mself\u001b[0m\u001b[0;34m.\u001b[0m\u001b[0mparser\u001b[0m\u001b[0;34m.\u001b[0m\u001b[0mparse\u001b[0m\u001b[0;34m(\u001b[0m\u001b[0;34m*\u001b[0m\u001b[0margs\u001b[0m\u001b[0;34m,\u001b[0m \u001b[0;34m**\u001b[0m\u001b[0mkwargs\u001b[0m\u001b[0;34m)\u001b[0m\u001b[0;34m\u001b[0m\u001b[0;34m\u001b[0m\u001b[0m\n\u001b[0m\u001b[1;32m    117\u001b[0m \u001b[0;34m\u001b[0m\u001b[0m\n",
            "\u001b[0;32m/usr/local/lib/python3.10/dist-packages/astropy/extern/ply/yacc.py\u001b[0m in \u001b[0;36mparse\u001b[0;34m(self, input, lexer, debug, tracking, tokenfunc)\u001b[0m\n\u001b[1;32m    332\u001b[0m         \u001b[0;32melse\u001b[0m\u001b[0;34m:\u001b[0m\u001b[0;34m\u001b[0m\u001b[0;34m\u001b[0m\u001b[0m\n\u001b[0;32m--> 333\u001b[0;31m             \u001b[0;32mreturn\u001b[0m \u001b[0mself\u001b[0m\u001b[0;34m.\u001b[0m\u001b[0mparseopt_notrack\u001b[0m\u001b[0;34m(\u001b[0m\u001b[0minput\u001b[0m\u001b[0;34m,\u001b[0m \u001b[0mlexer\u001b[0m\u001b[0;34m,\u001b[0m \u001b[0mdebug\u001b[0m\u001b[0;34m,\u001b[0m \u001b[0mtracking\u001b[0m\u001b[0;34m,\u001b[0m \u001b[0mtokenfunc\u001b[0m\u001b[0;34m)\u001b[0m\u001b[0;34m\u001b[0m\u001b[0;34m\u001b[0m\u001b[0m\n\u001b[0m\u001b[1;32m    334\u001b[0m \u001b[0;34m\u001b[0m\u001b[0m\n",
            "\u001b[0;32m/usr/local/lib/python3.10/dist-packages/astropy/extern/ply/yacc.py\u001b[0m in \u001b[0;36mparseopt_notrack\u001b[0;34m(self, input, lexer, debug, tracking, tokenfunc)\u001b[0m\n\u001b[1;32m   1062\u001b[0m                     \u001b[0;32mif\u001b[0m \u001b[0;32mnot\u001b[0m \u001b[0mlookaheadstack\u001b[0m\u001b[0;34m:\u001b[0m\u001b[0;34m\u001b[0m\u001b[0;34m\u001b[0m\u001b[0m\n\u001b[0;32m-> 1063\u001b[0;31m                         \u001b[0mlookahead\u001b[0m \u001b[0;34m=\u001b[0m \u001b[0mget_token\u001b[0m\u001b[0;34m(\u001b[0m\u001b[0;34m)\u001b[0m     \u001b[0;31m# Get the next token\u001b[0m\u001b[0;34m\u001b[0m\u001b[0;34m\u001b[0m\u001b[0m\n\u001b[0m\u001b[1;32m   1064\u001b[0m                     \u001b[0;32melse\u001b[0m\u001b[0;34m:\u001b[0m\u001b[0;34m\u001b[0m\u001b[0;34m\u001b[0m\u001b[0m\n",
            "\u001b[0;32m/usr/local/lib/python3.10/dist-packages/astropy/extern/ply/lex.py\u001b[0m in \u001b[0;36mtoken\u001b[0;34m(self)\u001b[0m\n\u001b[1;32m    349\u001b[0m \u001b[0;34m\u001b[0m\u001b[0m\n\u001b[0;32m--> 350\u001b[0;31m                 \u001b[0mnewtok\u001b[0m \u001b[0;34m=\u001b[0m \u001b[0mfunc\u001b[0m\u001b[0;34m(\u001b[0m\u001b[0mtok\u001b[0m\u001b[0;34m)\u001b[0m\u001b[0;34m\u001b[0m\u001b[0;34m\u001b[0m\u001b[0m\n\u001b[0m\u001b[1;32m    351\u001b[0m \u001b[0;34m\u001b[0m\u001b[0m\n",
            "\u001b[0;32m/usr/local/lib/python3.10/dist-packages/astropy/units/format/generic.py\u001b[0m in \u001b[0;36mt_UNIT\u001b[0;34m(t)\u001b[0m\n\u001b[1;32m    122\u001b[0m             \u001b[0;34m\"%|([YZEPTGMkhdcmu\\N{MICRO SIGN}npfazy]?'((?!\\\\d)\\\\w)+')|((?!\\\\d)\\\\w)+\"\u001b[0m\u001b[0;34m\u001b[0m\u001b[0;34m\u001b[0m\u001b[0m\n\u001b[0;32m--> 123\u001b[0;31m             \u001b[0mt\u001b[0m\u001b[0;34m.\u001b[0m\u001b[0mvalue\u001b[0m \u001b[0;34m=\u001b[0m \u001b[0mcls\u001b[0m\u001b[0;34m.\u001b[0m\u001b[0m_get_unit\u001b[0m\u001b[0;34m(\u001b[0m\u001b[0mt\u001b[0m\u001b[0;34m)\u001b[0m\u001b[0;34m\u001b[0m\u001b[0;34m\u001b[0m\u001b[0m\n\u001b[0m\u001b[1;32m    124\u001b[0m             \u001b[0;32mreturn\u001b[0m \u001b[0mt\u001b[0m\u001b[0;34m\u001b[0m\u001b[0;34m\u001b[0m\u001b[0m\n",
            "\u001b[0;32m/usr/local/lib/python3.10/dist-packages/astropy/units/format/generic.py\u001b[0m in \u001b[0;36m_get_unit\u001b[0;34m(cls, t)\u001b[0m\n\u001b[1;32m    458\u001b[0m \u001b[0;34m\u001b[0m\u001b[0m\n\u001b[0;32m--> 459\u001b[0;31m             \u001b[0;32mraise\u001b[0m \u001b[0mValueError\u001b[0m\u001b[0;34m(\u001b[0m\u001b[0;34mf\"At col {t.lexpos}, {str(e)}\"\u001b[0m\u001b[0;34m)\u001b[0m\u001b[0;34m\u001b[0m\u001b[0;34m\u001b[0m\u001b[0m\n\u001b[0m\u001b[1;32m    460\u001b[0m \u001b[0;34m\u001b[0m\u001b[0m\n",
            "\u001b[0;31mValueError\u001b[0m: At col 0, deformation is not a valid unit. ",
            "\nDuring handling of the above exception, another exception occurred:\n",
            "\u001b[0;31mValueError\u001b[0m                                Traceback (most recent call last)",
            "\u001b[0;32m<ipython-input-74-672f5e56cfb3>\u001b[0m in \u001b[0;36m<cell line: 3>\u001b[0;34m()\u001b[0m\n\u001b[1;32m      1\u001b[0m \u001b[0mh\u001b[0m \u001b[0;34m=\u001b[0m \u001b[0;36m1e-21\u001b[0m\u001b[0;34m\u001b[0m\u001b[0;34m\u001b[0m\u001b[0m\n\u001b[1;32m      2\u001b[0m \u001b[0mdelta_Earth\u001b[0m \u001b[0;34m=\u001b[0m \u001b[0;36m1\u001b[0m \u001b[0;34m*\u001b[0m \u001b[0mu\u001b[0m\u001b[0;34m.\u001b[0m\u001b[0mearthRad\u001b[0m \u001b[0;34m*\u001b[0m \u001b[0mh\u001b[0m\u001b[0;34m\u001b[0m\u001b[0;34m\u001b[0m\u001b[0m\n\u001b[0;32m----> 3\u001b[0;31m \u001b[0mprint\u001b[0m\u001b[0;34m(\u001b[0m\u001b[0;34m\"deformation of Earth is\"\u001b[0m\u001b[0;34m,\u001b[0m \u001b[0mdelta_Earth\u001b[0m\u001b[0;34m.\u001b[0m\u001b[0mto\u001b[0m\u001b[0;34m(\u001b[0m\u001b[0mu\u001b[0m\u001b[0;34m.\u001b[0m\u001b[0mm\u001b[0m\u001b[0;34m)\u001b[0m\u001b[0;34m)\u001b[0m\u001b[0;34m\u001b[0m\u001b[0;34m\u001b[0m\u001b[0m\n\u001b[0m",
            "\u001b[0;32m/usr/local/lib/python3.10/dist-packages/astropy/units/quantity.py\u001b[0m in \u001b[0;36mto\u001b[0;34m(self, unit, equivalencies, copy)\u001b[0m\n\u001b[1;32m    932\u001b[0m         \u001b[0;31m# We don't use `to_value` below since we always want to make a copy\u001b[0m\u001b[0;34m\u001b[0m\u001b[0;34m\u001b[0m\u001b[0m\n\u001b[1;32m    933\u001b[0m         \u001b[0;31m# and don't want to slow down this method (esp. the scalar case).\u001b[0m\u001b[0;34m\u001b[0m\u001b[0;34m\u001b[0m\u001b[0m\n\u001b[0;32m--> 934\u001b[0;31m         \u001b[0munit\u001b[0m \u001b[0;34m=\u001b[0m \u001b[0mUnit\u001b[0m\u001b[0;34m(\u001b[0m\u001b[0munit\u001b[0m\u001b[0;34m)\u001b[0m\u001b[0;34m\u001b[0m\u001b[0;34m\u001b[0m\u001b[0m\n\u001b[0m\u001b[1;32m    935\u001b[0m         \u001b[0;32mif\u001b[0m \u001b[0mcopy\u001b[0m\u001b[0;34m:\u001b[0m\u001b[0;34m\u001b[0m\u001b[0;34m\u001b[0m\u001b[0m\n\u001b[1;32m    936\u001b[0m             \u001b[0;31m# Avoid using to_value to ensure that we make a copy. We also\u001b[0m\u001b[0;34m\u001b[0m\u001b[0;34m\u001b[0m\u001b[0m\n",
            "\u001b[0;32m/usr/local/lib/python3.10/dist-packages/astropy/units/core.py\u001b[0m in \u001b[0;36m__call__\u001b[0;34m(self, s, represents, format, namespace, doc, parse_strict)\u001b[0m\n\u001b[1;32m   2119\u001b[0m                     )\n\u001b[1;32m   2120\u001b[0m                     \u001b[0;32mif\u001b[0m \u001b[0mparse_strict\u001b[0m \u001b[0;34m==\u001b[0m \u001b[0;34m\"raise\"\u001b[0m\u001b[0;34m:\u001b[0m\u001b[0;34m\u001b[0m\u001b[0;34m\u001b[0m\u001b[0m\n\u001b[0;32m-> 2121\u001b[0;31m                         \u001b[0;32mraise\u001b[0m \u001b[0mValueError\u001b[0m\u001b[0;34m(\u001b[0m\u001b[0mmsg\u001b[0m\u001b[0;34m)\u001b[0m\u001b[0;34m\u001b[0m\u001b[0;34m\u001b[0m\u001b[0m\n\u001b[0m\u001b[1;32m   2122\u001b[0m                     \u001b[0;32melif\u001b[0m \u001b[0mparse_strict\u001b[0m \u001b[0;34m==\u001b[0m \u001b[0;34m\"warn\"\u001b[0m\u001b[0;34m:\u001b[0m\u001b[0;34m\u001b[0m\u001b[0;34m\u001b[0m\u001b[0m\n\u001b[1;32m   2123\u001b[0m                         \u001b[0mwarnings\u001b[0m\u001b[0;34m.\u001b[0m\u001b[0mwarn\u001b[0m\u001b[0;34m(\u001b[0m\u001b[0mmsg\u001b[0m\u001b[0;34m,\u001b[0m \u001b[0mUnitsWarning\u001b[0m\u001b[0;34m)\u001b[0m\u001b[0;34m\u001b[0m\u001b[0;34m\u001b[0m\u001b[0m\n",
            "\u001b[0;31mValueError\u001b[0m: 'deformation of Earth is' did not parse as unit: At col 0, deformation is not a valid unit.  If this is meant to be a custom unit, define it with 'u.def_unit'. To have it recognized inside a file reader or other code, enable it with 'u.add_enabled_units'. For details, see https://docs.astropy.org/en/latest/units/combining_and_defining.html"
          ]
        }
      ]
    },
    {
      "cell_type": "code",
      "source": [
        "R_bh = 2 * ac.G * 30 * u.solMass / (ac.c**2)\n",
        "D = R_bh / h\n",
        "print(\"distance of the black merger is\", D.to(1e6 * u.parsec))"
      ],
      "metadata": {
        "colab": {
          "base_uri": "https://localhost:8080/",
          "height": 651
        },
        "id": "mraPie5Ipbex",
        "outputId": "7e4917ff-52a9-4cb4-b29b-2570c602db17"
      },
      "execution_count": 75,
      "outputs": [
        {
          "output_type": "error",
          "ename": "ValueError",
          "evalue": "ignored",
          "traceback": [
            "\u001b[0;31m---------------------------------------------------------------------------\u001b[0m",
            "\u001b[0;31mValueError\u001b[0m                                Traceback (most recent call last)",
            "\u001b[0;32m/usr/local/lib/python3.10/dist-packages/astropy/units/format/generic.py\u001b[0m in \u001b[0;36m_do_parse\u001b[0;34m(cls, s, debug)\u001b[0m\n\u001b[1;32m    586\u001b[0m             \u001b[0;31m# is just a single unit name\u001b[0m\u001b[0;34m\u001b[0m\u001b[0;34m\u001b[0m\u001b[0m\n\u001b[0;32m--> 587\u001b[0;31m             \u001b[0;32mreturn\u001b[0m \u001b[0mcls\u001b[0m\u001b[0;34m.\u001b[0m\u001b[0m_parse_unit\u001b[0m\u001b[0;34m(\u001b[0m\u001b[0ms\u001b[0m\u001b[0;34m,\u001b[0m \u001b[0mdetailed_exception\u001b[0m\u001b[0;34m=\u001b[0m\u001b[0;32mFalse\u001b[0m\u001b[0;34m)\u001b[0m\u001b[0;34m\u001b[0m\u001b[0;34m\u001b[0m\u001b[0m\n\u001b[0m\u001b[1;32m    588\u001b[0m         \u001b[0;32mexcept\u001b[0m \u001b[0mValueError\u001b[0m \u001b[0;32mas\u001b[0m \u001b[0me\u001b[0m\u001b[0;34m:\u001b[0m\u001b[0;34m\u001b[0m\u001b[0;34m\u001b[0m\u001b[0m\n",
            "\u001b[0;32m/usr/local/lib/python3.10/dist-packages/astropy/units/format/generic.py\u001b[0m in \u001b[0;36m_parse_unit\u001b[0;34m(cls, s, detailed_exception)\u001b[0m\n\u001b[1;32m    482\u001b[0m         \u001b[0;32melse\u001b[0m\u001b[0;34m:\u001b[0m\u001b[0;34m\u001b[0m\u001b[0;34m\u001b[0m\u001b[0m\n\u001b[0;32m--> 483\u001b[0;31m             \u001b[0;32mraise\u001b[0m \u001b[0mValueError\u001b[0m\u001b[0;34m(\u001b[0m\u001b[0;34m)\u001b[0m\u001b[0;34m\u001b[0m\u001b[0;34m\u001b[0m\u001b[0m\n\u001b[0m\u001b[1;32m    484\u001b[0m \u001b[0;34m\u001b[0m\u001b[0m\n",
            "\u001b[0;31mValueError\u001b[0m: ",
            "\nDuring handling of the above exception, another exception occurred:\n",
            "\u001b[0;31mValueError\u001b[0m                                Traceback (most recent call last)",
            "\u001b[0;32m/usr/local/lib/python3.10/dist-packages/astropy/units/format/generic.py\u001b[0m in \u001b[0;36m_get_unit\u001b[0;34m(cls, t)\u001b[0m\n\u001b[1;32m    452\u001b[0m         \u001b[0;32mtry\u001b[0m\u001b[0;34m:\u001b[0m\u001b[0;34m\u001b[0m\u001b[0;34m\u001b[0m\u001b[0m\n\u001b[0;32m--> 453\u001b[0;31m             \u001b[0;32mreturn\u001b[0m \u001b[0mcls\u001b[0m\u001b[0;34m.\u001b[0m\u001b[0m_parse_unit\u001b[0m\u001b[0;34m(\u001b[0m\u001b[0mt\u001b[0m\u001b[0;34m.\u001b[0m\u001b[0mvalue\u001b[0m\u001b[0;34m)\u001b[0m\u001b[0;34m\u001b[0m\u001b[0;34m\u001b[0m\u001b[0m\n\u001b[0m\u001b[1;32m    454\u001b[0m         \u001b[0;32mexcept\u001b[0m \u001b[0mValueError\u001b[0m \u001b[0;32mas\u001b[0m \u001b[0me\u001b[0m\u001b[0;34m:\u001b[0m\u001b[0;34m\u001b[0m\u001b[0;34m\u001b[0m\u001b[0m\n",
            "\u001b[0;32m/usr/local/lib/python3.10/dist-packages/astropy/units/format/generic.py\u001b[0m in \u001b[0;36m_parse_unit\u001b[0;34m(cls, s, detailed_exception)\u001b[0m\n\u001b[1;32m    480\u001b[0m         \u001b[0;32mif\u001b[0m \u001b[0mdetailed_exception\u001b[0m\u001b[0;34m:\u001b[0m\u001b[0;34m\u001b[0m\u001b[0;34m\u001b[0m\u001b[0m\n\u001b[0;32m--> 481\u001b[0;31m             \u001b[0;32mraise\u001b[0m \u001b[0mValueError\u001b[0m\u001b[0;34m(\u001b[0m\u001b[0;34mf\"{s} is not a valid unit. {did_you_mean(s, registry)}\"\u001b[0m\u001b[0;34m)\u001b[0m\u001b[0;34m\u001b[0m\u001b[0;34m\u001b[0m\u001b[0m\n\u001b[0m\u001b[1;32m    482\u001b[0m         \u001b[0;32melse\u001b[0m\u001b[0;34m:\u001b[0m\u001b[0;34m\u001b[0m\u001b[0;34m\u001b[0m\u001b[0m\n",
            "\u001b[0;31mValueError\u001b[0m: distance is not a valid unit. ",
            "\nDuring handling of the above exception, another exception occurred:\n",
            "\u001b[0;31mValueError\u001b[0m                                Traceback (most recent call last)",
            "\u001b[0;32m/usr/local/lib/python3.10/dist-packages/astropy/units/core.py\u001b[0m in \u001b[0;36m__call__\u001b[0;34m(self, s, represents, format, namespace, doc, parse_strict)\u001b[0m\n\u001b[1;32m   2097\u001b[0m             \u001b[0;32mtry\u001b[0m\u001b[0;34m:\u001b[0m\u001b[0;34m\u001b[0m\u001b[0;34m\u001b[0m\u001b[0m\n\u001b[0;32m-> 2098\u001b[0;31m                 \u001b[0;32mreturn\u001b[0m \u001b[0mf\u001b[0m\u001b[0;34m.\u001b[0m\u001b[0mparse\u001b[0m\u001b[0;34m(\u001b[0m\u001b[0ms\u001b[0m\u001b[0;34m)\u001b[0m\u001b[0;34m\u001b[0m\u001b[0;34m\u001b[0m\u001b[0m\n\u001b[0m\u001b[1;32m   2099\u001b[0m             \u001b[0;32mexcept\u001b[0m \u001b[0mNotImplementedError\u001b[0m\u001b[0;34m:\u001b[0m\u001b[0;34m\u001b[0m\u001b[0;34m\u001b[0m\u001b[0m\n",
            "\u001b[0;32m/usr/local/lib/python3.10/dist-packages/astropy/units/format/generic.py\u001b[0m in \u001b[0;36mparse\u001b[0;34m(cls, s, debug)\u001b[0m\n\u001b[1;32m    570\u001b[0m \u001b[0;34m\u001b[0m\u001b[0m\n\u001b[0;32m--> 571\u001b[0;31m         \u001b[0mresult\u001b[0m \u001b[0;34m=\u001b[0m \u001b[0mcls\u001b[0m\u001b[0;34m.\u001b[0m\u001b[0m_do_parse\u001b[0m\u001b[0;34m(\u001b[0m\u001b[0ms\u001b[0m\u001b[0;34m,\u001b[0m \u001b[0mdebug\u001b[0m\u001b[0;34m=\u001b[0m\u001b[0mdebug\u001b[0m\u001b[0;34m)\u001b[0m\u001b[0;34m\u001b[0m\u001b[0;34m\u001b[0m\u001b[0m\n\u001b[0m\u001b[1;32m    572\u001b[0m         \u001b[0;31m# Check for excess solidi, but exclude fractional exponents (accepted)\u001b[0m\u001b[0;34m\u001b[0m\u001b[0;34m\u001b[0m\u001b[0m\n",
            "\u001b[0;32m/usr/local/lib/python3.10/dist-packages/astropy/units/format/generic.py\u001b[0m in \u001b[0;36m_do_parse\u001b[0;34m(cls, s, debug)\u001b[0m\n\u001b[1;32m    589\u001b[0m             \u001b[0;32mtry\u001b[0m\u001b[0;34m:\u001b[0m\u001b[0;34m\u001b[0m\u001b[0;34m\u001b[0m\u001b[0m\n\u001b[0;32m--> 590\u001b[0;31m                 \u001b[0;32mreturn\u001b[0m \u001b[0mcls\u001b[0m\u001b[0;34m.\u001b[0m\u001b[0m_parser\u001b[0m\u001b[0;34m.\u001b[0m\u001b[0mparse\u001b[0m\u001b[0;34m(\u001b[0m\u001b[0ms\u001b[0m\u001b[0;34m,\u001b[0m \u001b[0mlexer\u001b[0m\u001b[0;34m=\u001b[0m\u001b[0mcls\u001b[0m\u001b[0;34m.\u001b[0m\u001b[0m_lexer\u001b[0m\u001b[0;34m,\u001b[0m \u001b[0mdebug\u001b[0m\u001b[0;34m=\u001b[0m\u001b[0mdebug\u001b[0m\u001b[0;34m)\u001b[0m\u001b[0;34m\u001b[0m\u001b[0;34m\u001b[0m\u001b[0m\n\u001b[0m\u001b[1;32m    591\u001b[0m             \u001b[0;32mexcept\u001b[0m \u001b[0mValueError\u001b[0m \u001b[0;32mas\u001b[0m \u001b[0me\u001b[0m\u001b[0;34m:\u001b[0m\u001b[0;34m\u001b[0m\u001b[0;34m\u001b[0m\u001b[0m\n",
            "\u001b[0;32m/usr/local/lib/python3.10/dist-packages/astropy/utils/parsing.py\u001b[0m in \u001b[0;36mparse\u001b[0;34m(self, *args, **kwargs)\u001b[0m\n\u001b[1;32m    115\u001b[0m         \u001b[0;32mwith\u001b[0m \u001b[0mself\u001b[0m\u001b[0;34m.\u001b[0m\u001b[0m_lock\u001b[0m\u001b[0;34m:\u001b[0m\u001b[0;34m\u001b[0m\u001b[0;34m\u001b[0m\u001b[0m\n\u001b[0;32m--> 116\u001b[0;31m             \u001b[0;32mreturn\u001b[0m \u001b[0mself\u001b[0m\u001b[0;34m.\u001b[0m\u001b[0mparser\u001b[0m\u001b[0;34m.\u001b[0m\u001b[0mparse\u001b[0m\u001b[0;34m(\u001b[0m\u001b[0;34m*\u001b[0m\u001b[0margs\u001b[0m\u001b[0;34m,\u001b[0m \u001b[0;34m**\u001b[0m\u001b[0mkwargs\u001b[0m\u001b[0;34m)\u001b[0m\u001b[0;34m\u001b[0m\u001b[0;34m\u001b[0m\u001b[0m\n\u001b[0m\u001b[1;32m    117\u001b[0m \u001b[0;34m\u001b[0m\u001b[0m\n",
            "\u001b[0;32m/usr/local/lib/python3.10/dist-packages/astropy/extern/ply/yacc.py\u001b[0m in \u001b[0;36mparse\u001b[0;34m(self, input, lexer, debug, tracking, tokenfunc)\u001b[0m\n\u001b[1;32m    332\u001b[0m         \u001b[0;32melse\u001b[0m\u001b[0;34m:\u001b[0m\u001b[0;34m\u001b[0m\u001b[0;34m\u001b[0m\u001b[0m\n\u001b[0;32m--> 333\u001b[0;31m             \u001b[0;32mreturn\u001b[0m \u001b[0mself\u001b[0m\u001b[0;34m.\u001b[0m\u001b[0mparseopt_notrack\u001b[0m\u001b[0;34m(\u001b[0m\u001b[0minput\u001b[0m\u001b[0;34m,\u001b[0m \u001b[0mlexer\u001b[0m\u001b[0;34m,\u001b[0m \u001b[0mdebug\u001b[0m\u001b[0;34m,\u001b[0m \u001b[0mtracking\u001b[0m\u001b[0;34m,\u001b[0m \u001b[0mtokenfunc\u001b[0m\u001b[0;34m)\u001b[0m\u001b[0;34m\u001b[0m\u001b[0;34m\u001b[0m\u001b[0m\n\u001b[0m\u001b[1;32m    334\u001b[0m \u001b[0;34m\u001b[0m\u001b[0m\n",
            "\u001b[0;32m/usr/local/lib/python3.10/dist-packages/astropy/extern/ply/yacc.py\u001b[0m in \u001b[0;36mparseopt_notrack\u001b[0;34m(self, input, lexer, debug, tracking, tokenfunc)\u001b[0m\n\u001b[1;32m   1062\u001b[0m                     \u001b[0;32mif\u001b[0m \u001b[0;32mnot\u001b[0m \u001b[0mlookaheadstack\u001b[0m\u001b[0;34m:\u001b[0m\u001b[0;34m\u001b[0m\u001b[0;34m\u001b[0m\u001b[0m\n\u001b[0;32m-> 1063\u001b[0;31m                         \u001b[0mlookahead\u001b[0m \u001b[0;34m=\u001b[0m \u001b[0mget_token\u001b[0m\u001b[0;34m(\u001b[0m\u001b[0;34m)\u001b[0m     \u001b[0;31m# Get the next token\u001b[0m\u001b[0;34m\u001b[0m\u001b[0;34m\u001b[0m\u001b[0m\n\u001b[0m\u001b[1;32m   1064\u001b[0m                     \u001b[0;32melse\u001b[0m\u001b[0;34m:\u001b[0m\u001b[0;34m\u001b[0m\u001b[0;34m\u001b[0m\u001b[0m\n",
            "\u001b[0;32m/usr/local/lib/python3.10/dist-packages/astropy/extern/ply/lex.py\u001b[0m in \u001b[0;36mtoken\u001b[0;34m(self)\u001b[0m\n\u001b[1;32m    349\u001b[0m \u001b[0;34m\u001b[0m\u001b[0m\n\u001b[0;32m--> 350\u001b[0;31m                 \u001b[0mnewtok\u001b[0m \u001b[0;34m=\u001b[0m \u001b[0mfunc\u001b[0m\u001b[0;34m(\u001b[0m\u001b[0mtok\u001b[0m\u001b[0;34m)\u001b[0m\u001b[0;34m\u001b[0m\u001b[0;34m\u001b[0m\u001b[0m\n\u001b[0m\u001b[1;32m    351\u001b[0m \u001b[0;34m\u001b[0m\u001b[0m\n",
            "\u001b[0;32m/usr/local/lib/python3.10/dist-packages/astropy/units/format/generic.py\u001b[0m in \u001b[0;36mt_UNIT\u001b[0;34m(t)\u001b[0m\n\u001b[1;32m    122\u001b[0m             \u001b[0;34m\"%|([YZEPTGMkhdcmu\\N{MICRO SIGN}npfazy]?'((?!\\\\d)\\\\w)+')|((?!\\\\d)\\\\w)+\"\u001b[0m\u001b[0;34m\u001b[0m\u001b[0;34m\u001b[0m\u001b[0m\n\u001b[0;32m--> 123\u001b[0;31m             \u001b[0mt\u001b[0m\u001b[0;34m.\u001b[0m\u001b[0mvalue\u001b[0m \u001b[0;34m=\u001b[0m \u001b[0mcls\u001b[0m\u001b[0;34m.\u001b[0m\u001b[0m_get_unit\u001b[0m\u001b[0;34m(\u001b[0m\u001b[0mt\u001b[0m\u001b[0;34m)\u001b[0m\u001b[0;34m\u001b[0m\u001b[0;34m\u001b[0m\u001b[0m\n\u001b[0m\u001b[1;32m    124\u001b[0m             \u001b[0;32mreturn\u001b[0m \u001b[0mt\u001b[0m\u001b[0;34m\u001b[0m\u001b[0;34m\u001b[0m\u001b[0m\n",
            "\u001b[0;32m/usr/local/lib/python3.10/dist-packages/astropy/units/format/generic.py\u001b[0m in \u001b[0;36m_get_unit\u001b[0;34m(cls, t)\u001b[0m\n\u001b[1;32m    458\u001b[0m \u001b[0;34m\u001b[0m\u001b[0m\n\u001b[0;32m--> 459\u001b[0;31m             \u001b[0;32mraise\u001b[0m \u001b[0mValueError\u001b[0m\u001b[0;34m(\u001b[0m\u001b[0;34mf\"At col {t.lexpos}, {str(e)}\"\u001b[0m\u001b[0;34m)\u001b[0m\u001b[0;34m\u001b[0m\u001b[0;34m\u001b[0m\u001b[0m\n\u001b[0m\u001b[1;32m    460\u001b[0m \u001b[0;34m\u001b[0m\u001b[0m\n",
            "\u001b[0;31mValueError\u001b[0m: At col 0, distance is not a valid unit. ",
            "\nDuring handling of the above exception, another exception occurred:\n",
            "\u001b[0;31mValueError\u001b[0m                                Traceback (most recent call last)",
            "\u001b[0;32m<ipython-input-75-56d37217c310>\u001b[0m in \u001b[0;36m<cell line: 3>\u001b[0;34m()\u001b[0m\n\u001b[1;32m      1\u001b[0m \u001b[0mR_bh\u001b[0m \u001b[0;34m=\u001b[0m \u001b[0;36m2\u001b[0m \u001b[0;34m*\u001b[0m \u001b[0mac\u001b[0m\u001b[0;34m.\u001b[0m\u001b[0mG\u001b[0m \u001b[0;34m*\u001b[0m \u001b[0;36m30\u001b[0m \u001b[0;34m*\u001b[0m \u001b[0mu\u001b[0m\u001b[0;34m.\u001b[0m\u001b[0msolMass\u001b[0m \u001b[0;34m/\u001b[0m \u001b[0;34m(\u001b[0m\u001b[0mac\u001b[0m\u001b[0;34m.\u001b[0m\u001b[0mc\u001b[0m\u001b[0;34m**\u001b[0m\u001b[0;36m2\u001b[0m\u001b[0;34m)\u001b[0m\u001b[0;34m\u001b[0m\u001b[0;34m\u001b[0m\u001b[0m\n\u001b[1;32m      2\u001b[0m \u001b[0mD\u001b[0m \u001b[0;34m=\u001b[0m \u001b[0mR_bh\u001b[0m \u001b[0;34m/\u001b[0m \u001b[0mh\u001b[0m\u001b[0;34m\u001b[0m\u001b[0;34m\u001b[0m\u001b[0m\n\u001b[0;32m----> 3\u001b[0;31m \u001b[0mprint\u001b[0m\u001b[0;34m(\u001b[0m\u001b[0;34m\"distance of the black merger is\"\u001b[0m\u001b[0;34m,\u001b[0m \u001b[0mD\u001b[0m\u001b[0;34m.\u001b[0m\u001b[0mto\u001b[0m\u001b[0;34m(\u001b[0m\u001b[0;36m1e6\u001b[0m \u001b[0;34m*\u001b[0m \u001b[0mu\u001b[0m\u001b[0;34m.\u001b[0m\u001b[0mparsec\u001b[0m\u001b[0;34m)\u001b[0m\u001b[0;34m)\u001b[0m\u001b[0;34m\u001b[0m\u001b[0;34m\u001b[0m\u001b[0m\n\u001b[0m",
            "\u001b[0;32m/usr/local/lib/python3.10/dist-packages/astropy/units/quantity.py\u001b[0m in \u001b[0;36mto\u001b[0;34m(self, unit, equivalencies, copy)\u001b[0m\n\u001b[1;32m    932\u001b[0m         \u001b[0;31m# We don't use `to_value` below since we always want to make a copy\u001b[0m\u001b[0;34m\u001b[0m\u001b[0;34m\u001b[0m\u001b[0m\n\u001b[1;32m    933\u001b[0m         \u001b[0;31m# and don't want to slow down this method (esp. the scalar case).\u001b[0m\u001b[0;34m\u001b[0m\u001b[0;34m\u001b[0m\u001b[0m\n\u001b[0;32m--> 934\u001b[0;31m         \u001b[0munit\u001b[0m \u001b[0;34m=\u001b[0m \u001b[0mUnit\u001b[0m\u001b[0;34m(\u001b[0m\u001b[0munit\u001b[0m\u001b[0;34m)\u001b[0m\u001b[0;34m\u001b[0m\u001b[0;34m\u001b[0m\u001b[0m\n\u001b[0m\u001b[1;32m    935\u001b[0m         \u001b[0;32mif\u001b[0m \u001b[0mcopy\u001b[0m\u001b[0;34m:\u001b[0m\u001b[0;34m\u001b[0m\u001b[0;34m\u001b[0m\u001b[0m\n\u001b[1;32m    936\u001b[0m             \u001b[0;31m# Avoid using to_value to ensure that we make a copy. We also\u001b[0m\u001b[0;34m\u001b[0m\u001b[0;34m\u001b[0m\u001b[0m\n",
            "\u001b[0;32m/usr/local/lib/python3.10/dist-packages/astropy/units/core.py\u001b[0m in \u001b[0;36m__call__\u001b[0;34m(self, s, represents, format, namespace, doc, parse_strict)\u001b[0m\n\u001b[1;32m   2119\u001b[0m                     )\n\u001b[1;32m   2120\u001b[0m                     \u001b[0;32mif\u001b[0m \u001b[0mparse_strict\u001b[0m \u001b[0;34m==\u001b[0m \u001b[0;34m\"raise\"\u001b[0m\u001b[0;34m:\u001b[0m\u001b[0;34m\u001b[0m\u001b[0;34m\u001b[0m\u001b[0m\n\u001b[0;32m-> 2121\u001b[0;31m                         \u001b[0;32mraise\u001b[0m \u001b[0mValueError\u001b[0m\u001b[0;34m(\u001b[0m\u001b[0mmsg\u001b[0m\u001b[0;34m)\u001b[0m\u001b[0;34m\u001b[0m\u001b[0;34m\u001b[0m\u001b[0m\n\u001b[0m\u001b[1;32m   2122\u001b[0m                     \u001b[0;32melif\u001b[0m \u001b[0mparse_strict\u001b[0m \u001b[0;34m==\u001b[0m \u001b[0;34m\"warn\"\u001b[0m\u001b[0;34m:\u001b[0m\u001b[0;34m\u001b[0m\u001b[0;34m\u001b[0m\u001b[0m\n\u001b[1;32m   2123\u001b[0m                         \u001b[0mwarnings\u001b[0m\u001b[0;34m.\u001b[0m\u001b[0mwarn\u001b[0m\u001b[0;34m(\u001b[0m\u001b[0mmsg\u001b[0m\u001b[0;34m,\u001b[0m \u001b[0mUnitsWarning\u001b[0m\u001b[0;34m)\u001b[0m\u001b[0;34m\u001b[0m\u001b[0;34m\u001b[0m\u001b[0m\n",
            "\u001b[0;31mValueError\u001b[0m: 'distance of the black merger is' did not parse as unit: At col 0, distance is not a valid unit.  If this is meant to be a custom unit, define it with 'u.def_unit'. To have it recognized inside a file reader or other code, enable it with 'u.add_enabled_units'. For details, see https://docs.astropy.org/en/latest/units/combining_and_defining.html"
          ]
        }
      ]
    }
  ]
}